C:\Program Files (x86)\Microsoft Visual Studio\2019\Community\MSBuild\Microsoft\VC\v160\Microsoft.CppBuild.targets(491,5): warning MSB8028: The intermediate directory (Debug\) contains files shared from another project (1.vcxproj).  This can lead to incorrect clean and rebuild behavior.
  1-6.cpp
D:\SKYFALL\Google Drive\MyDoc\C++\repos\Practice1\1\1-6.cpp(21,7): error C2374: 'x': redefinition; multiple initialization
D:\SKYFALL\Google Drive\MyDoc\C++\repos\Practice1\1\1-6.cpp(13): message : see declaration of 'x'
D:\SKYFALL\Google Drive\MyDoc\C++\repos\Practice1\1\1-6.cpp(26,14): error C2374: 'x': redefinition; multiple initialization
D:\SKYFALL\Google Drive\MyDoc\C++\repos\Practice1\1\1-6.cpp(13): message : see declaration of 'x'
D:\SKYFALL\Google Drive\MyDoc\C++\repos\Practice1\1\1-6.cpp(26,21): error C2086: 'int y': redefinition
D:\SKYFALL\Google Drive\MyDoc\C++\repos\Practice1\1\1-6.cpp(21): message : see declaration of 'y'
D:\SKYFALL\Google Drive\MyDoc\C++\repos\Practice1\1\1-6.cpp(26,24): error C2086: 'int z': redefinition
D:\SKYFALL\Google Drive\MyDoc\C++\repos\Practice1\1\1-6.cpp(21): message : see declaration of 'z'
D:\SKYFALL\Google Drive\MyDoc\C++\repos\Practice1\1\1-6.cpp(31,7): error C2374: 'x': redefinition; multiple initialization
D:\SKYFALL\Google Drive\MyDoc\C++\repos\Practice1\1\1-6.cpp(13): message : see declaration of 'x'
D:\SKYFALL\Google Drive\MyDoc\C++\repos\Practice1\1\1-6.cpp(31,14): error C2086: 'int y': redefinition
D:\SKYFALL\Google Drive\MyDoc\C++\repos\Practice1\1\1-6.cpp(21): message : see declaration of 'y'
D:\SKYFALL\Google Drive\MyDoc\C++\repos\Practice1\1\1-6.cpp(31,17): error C2086: 'int z': redefinition
D:\SKYFALL\Google Drive\MyDoc\C++\repos\Practice1\1\1-6.cpp(21): message : see declaration of 'z'
D:\SKYFALL\Google Drive\MyDoc\C++\repos\Practice1\1\1-6.cpp(42,7): error C2374: 'z': redefinition; multiple initialization
D:\SKYFALL\Google Drive\MyDoc\C++\repos\Practice1\1\1-6.cpp(21): message : see declaration of 'z'
D:\SKYFALL\Google Drive\MyDoc\C++\repos\Practice1\1\1-6.cpp(42,14): error C2374: 'x': redefinition; multiple initialization
D:\SKYFALL\Google Drive\MyDoc\C++\repos\Practice1\1\1-6.cpp(13): message : see declaration of 'x'
D:\SKYFALL\Google Drive\MyDoc\C++\repos\Practice1\1\1-6.cpp(42,21): error C2374: 'y': redefinition; multiple initialization
D:\SKYFALL\Google Drive\MyDoc\C++\repos\Practice1\1\1-6.cpp(21): message : see declaration of 'y'
